<?xml version="1.0" encoding="UTF-8"?>
<testng-results ignored="0" total="2" passed="2" failed="0" skipped="0">
  <reporter-output>
  </reporter-output>
  <suite started-at="2022-03-01T15:19:31 IST" name="Default Suite" finished-at="2022-03-01T15:19:33 IST" duration-ms="2349">
    <groups>
    </groups>
    <test started-at="2022-03-01T15:19:31 IST" name="RestAssuredProjectRaghav" finished-at="2022-03-01T15:19:33 IST" duration-ms="2349">
      <class name="APITests">
        <test-method signature="test1()[pri:0, instance:APITests@4ec4f3a0]" started-at="2022-03-01T15:19:31 IST" name="test1" finished-at="2022-03-01T15:19:33 IST" duration-ms="1717" status="PASS">
          <reporter-output>
          </reporter-output>
        </test-method> <!-- test1 -->
        <test-method signature="test2()[pri:0, instance:APITests@4ec4f3a0]" started-at="2022-03-01T15:19:33 IST" name="test2" finished-at="2022-03-01T15:19:33 IST" duration-ms="602" status="PASS">
          <reporter-output>
          </reporter-output>
        </test-method> <!-- test2 -->
      </class> <!-- APITests -->
    </test> <!-- RestAssuredProjectRaghav -->
  </suite> <!-- Default Suite -->
</testng-results>
